  Account.cpp
C:\Users\lawre\OneDrive - Sheffield Hallam University\Software Engineering year 2\OOP\OOP-GP-2\OOP-task-1c\OOP - Task 1C\Account.h(12,7): error C2143: syntax error: missing ';' before '<'
C:\Users\lawre\OneDrive - Sheffield Hallam University\Software Engineering year 2\OOP\OOP-GP-2\OOP-task-1c\OOP - Task 1C\Account.h(12,7): error C4430: missing type specifier - int assumed. Note: C++ does not support default-int
C:\Users\lawre\OneDrive - Sheffield Hallam University\Software Engineering year 2\OOP\OOP-GP-2\OOP-task-1c\OOP - Task 1C\Account.h(12,20): error C2238: unexpected token(s) preceding ';'
C:\Users\lawre\OneDrive - Sheffield Hallam University\Software Engineering year 2\OOP\OOP-GP-2\OOP-task-1c\OOP - Task 1C\Account.cpp(12,10): error C2065: 'users': undeclared identifier
  Admin.cpp
  Application.cpp
C:\Users\lawre\OneDrive - Sheffield Hallam University\Software Engineering year 2\OOP\OOP-GP-2\OOP-task-1c\OOP - Task 1C\Account.h(12,7): error C2143: syntax error: missing ';' before '<'
C:\Users\lawre\OneDrive - Sheffield Hallam University\Software Engineering year 2\OOP\OOP-GP-2\OOP-task-1c\OOP - Task 1C\Account.h(12,7): error C4430: missing type specifier - int assumed. Note: C++ does not support default-int
C:\Users\lawre\OneDrive - Sheffield Hallam University\Software Engineering year 2\OOP\OOP-GP-2\OOP-task-1c\OOP - Task 1C\Account.h(12,20): error C2238: unexpected token(s) preceding ';'
C:\Users\lawre\OneDrive - Sheffield Hallam University\Software Engineering year 2\OOP\OOP-GP-2\OOP-task-1c\OOP - Task 1C\Application.cpp(52,37): error C2039: 'users': is not a member of 'Account'
C:\Users\lawre\OneDrive - Sheffield Hallam University\Software Engineering year 2\OOP\OOP-GP-2\OOP-task-1c\OOP - Task 1C\Account.h(6): message : see declaration of 'Account'
  Game.cpp
  LibraryItem.cpp
  List.cpp
  Player.cpp
  Source.cpp
C:\Users\lawre\OneDrive - Sheffield Hallam University\Software Engineering year 2\OOP\OOP-GP-2\OOP-task-1c\OOP - Task 1C\Account.h(12,7): error C2143: syntax error: missing ';' before '<'
C:\Users\lawre\OneDrive - Sheffield Hallam University\Software Engineering year 2\OOP\OOP-GP-2\OOP-task-1c\OOP - Task 1C\Account.h(12,7): error C4430: missing type specifier - int assumed. Note: C++ does not support default-int
C:\Users\lawre\OneDrive - Sheffield Hallam University\Software Engineering year 2\OOP\OOP-GP-2\OOP-task-1c\OOP - Task 1C\Account.h(12,20): error C2238: unexpected token(s) preceding ';'
C:\Users\lawre\OneDrive - Sheffield Hallam University\Software Engineering year 2\OOP\OOP-GP-2\OOP-task-1c\OOP - Task 1C\Source.cpp(42,24): error C2039: 'users': is not a member of 'Account'
C:\Users\lawre\OneDrive - Sheffield Hallam University\Software Engineering year 2\OOP\OOP-GP-2\OOP-task-1c\OOP - Task 1C\Account.h(6): message : see declaration of 'Account'
C:\Users\lawre\OneDrive - Sheffield Hallam University\Software Engineering year 2\OOP\OOP-GP-2\OOP-task-1c\OOP - Task 1C\Source.cpp(43,24): error C2039: 'users': is not a member of 'Account'
C:\Users\lawre\OneDrive - Sheffield Hallam University\Software Engineering year 2\OOP\OOP-GP-2\OOP-task-1c\OOP - Task 1C\Account.h(6): message : see declaration of 'Account'
C:\Users\lawre\OneDrive - Sheffield Hallam University\Software Engineering year 2\OOP\OOP-GP-2\OOP-task-1c\OOP - Task 1C\Source.cpp(44,24): error C2039: 'users': is not a member of 'Account'
C:\Users\lawre\OneDrive - Sheffield Hallam University\Software Engineering year 2\OOP\OOP-GP-2\OOP-task-1c\OOP - Task 1C\Account.h(6): message : see declaration of 'Account'
C:\Users\lawre\OneDrive - Sheffield Hallam University\Software Engineering year 2\OOP\OOP-GP-2\OOP-task-1c\OOP - Task 1C\Source.cpp(112,57): error C2039: 'users': is not a member of 'Account'
C:\Users\lawre\OneDrive - Sheffield Hallam University\Software Engineering year 2\OOP\OOP-GP-2\OOP-task-1c\OOP - Task 1C\Account.h(6): message : see declaration of 'Account'
C:\Users\lawre\OneDrive - Sheffield Hallam University\Software Engineering year 2\OOP\OOP-GP-2\OOP-task-1c\OOP - Task 1C\Source.cpp(214,59): error C2039: 'users': is not a member of 'Account'
C:\Users\lawre\OneDrive - Sheffield Hallam University\Software Engineering year 2\OOP\OOP-GP-2\OOP-task-1c\OOP - Task 1C\Account.h(6): message : see declaration of 'Account'
  Store.cpp
  User.cpp
  Utils.cpp
  Generating Code...
